[2024-07-12 21:34:46,927: INFO: main: >>>>> stage Data Ingestion Stage started <<<<<<]
[2024-07-12 21:34:46,927: INFO: common: yaml file: config\config.yaml loaded successfully]
[2024-07-12 21:34:46,943: INFO: common: created directory at: output]
[2024-07-12 21:34:46,943: INFO: common: created directory at: output/data_ingestion]
[2024-07-12 21:34:46,943: INFO: data_ingestion: Data preprocessing and feature engineering]
[2024-07-12 21:34:48,562: INFO: data_ingestion: Resume data ingestion method or component]
[2024-07-12 21:34:48,771: INFO: data_ingestion: Read the dataset as dataframe]
[2024-07-12 21:34:50,085: INFO: data_ingestion: Train test split initiated]
[2024-07-12 21:34:51,349: INFO: data_ingestion: Ingestion of the data is completed]
[2024-07-12 21:34:51,349: INFO: main: >>>>> stage Data Ingestion Stage completed <<<<<<<

x==========x]
[2024-07-12 21:34:51,349: INFO: main: ************************]
[2024-07-12 21:34:51,349: INFO: main: >>>>> stage Data Transformation Stage started <<<<<<]
[2024-07-12 21:34:51,360: INFO: common: yaml file: config\config.yaml loaded successfully]
[2024-07-12 21:34:51,361: INFO: common: created directory at: output]
[2024-07-12 21:34:51,361: INFO: common: created directory at: output/data_transformation]
[2024-07-12 21:34:51,362: INFO: data_transformation: Numerical columns: ['MinTemp', 'MaxTemp', 'Rainfall', 'Evaporation', 'Sunshine', 'WindGustSpeed', 'WindSpeed9am', 'WindSpeed3pm', 'Humidity9am', 'Humidity3pm', 'Pressure9am', 'Pressure3pm', 'Cloud9am', 'Cloud3pm', 'Temp9am', 'Temp3pm', 'RainToday']]
[2024-07-12 21:34:51,362: INFO: data_transformation: Categorical columns: ['Location', 'WindGustDir', 'WindDir9am', 'WindDir3pm', 'season']]
[2024-07-12 21:34:51,608: INFO: data_transformation: Read train and test data completed]
[2024-07-12 21:34:51,608: INFO: data_transformation: Obtaining preprocessing object]
[2024-07-12 21:34:51,608: INFO: data_transformation: Numerical columns: ['MinTemp', 'MaxTemp', 'Rainfall', 'Evaporation', 'Sunshine', 'WindGustSpeed', 'WindSpeed9am', 'WindSpeed3pm', 'Humidity9am', 'Humidity3pm', 'Pressure9am', 'Pressure3pm', 'Cloud9am', 'Cloud3pm', 'Temp9am', 'Temp3pm', 'RainToday']]
[2024-07-12 21:34:51,608: INFO: data_transformation: Categorical columns: ['Location', 'WindGustDir', 'WindDir9am', 'WindDir3pm', 'season']]
[2024-07-12 21:34:51,608: INFO: data_transformation: Applying preprocessing object on training dataframe and testing dataframe.]
[2024-07-12 21:34:52,143: INFO: data_transformation: Saved preprocessing object.]
[2024-07-12 21:34:52,143: INFO: main: >>>>> stage Data Transformation Stage completed <<<<<<<

x==========x]
[2024-07-12 21:34:52,143: INFO: main: ********************************]
[2024-07-12 21:34:52,159: INFO: main: >>>>> stage Model Training Stage started <<<<<<]
[2024-07-12 21:34:52,162: INFO: common: yaml file: config\config.yaml loaded successfully]
[2024-07-12 21:34:52,163: INFO: common: created directory at: output]
[2024-07-12 21:34:52,163: INFO: common: created directory at: output/model_trainer]
[2024-07-12 21:34:52,186: INFO: model_training: Split training and test input data]
[2024-07-12 21:39:28,340: INFO: model_training: Best found model on both training and testing dataset]
[2024-07-12 21:39:28,779: INFO: model_training: best model: XGBClassifier; best F1 score: 0.6246605776351518; confusion matrix: [[31264  1831]
 [ 4289  5274]];]
[2024-07-12 21:39:28,779: INFO: main: >>>>> stage Model Training Stage completed <<<<<<<

x==========x]
[2024-07-16 06:52:46,418: INFO: main: >>>>> Data Ingestion Stage started <<<<<<]
[2024-07-16 06:52:46,418: INFO: common: yaml file: config\config.yaml loaded successfully]
[2024-07-16 06:52:46,418: INFO: common: created directory at: output]
[2024-07-16 06:52:46,434: INFO: common: created directory at: output/data_ingestion]
[2024-07-16 06:52:46,434: INFO: data_ingestion: Data preprocessing and feature engineering]
[2024-07-16 06:52:48,058: INFO: data_ingestion: Resume data ingestion method or component]
[2024-07-16 06:52:48,277: INFO: data_ingestion: Read the dataset as dataframe]
[2024-07-16 06:52:48,351: INFO: data_ingestion: Train test split initiated]
[2024-07-16 06:52:49,593: INFO: data_ingestion: Ingestion of the data is completed]
[2024-07-16 06:52:49,593: INFO: main: >>>>> Data Ingestion Stage completed <<<<<<<

x==========x]
[2024-07-16 06:52:49,593: INFO: main: ************************]
[2024-07-16 06:52:49,593: INFO: main: >>>>> Data Transformation Stage started <<<<<<]
[2024-07-16 06:52:49,607: INFO: common: yaml file: config\config.yaml loaded successfully]
[2024-07-16 06:52:49,607: INFO: common: created directory at: output]
[2024-07-16 06:52:49,608: INFO: common: created directory at: output/data_transformation]
[2024-07-16 06:52:49,610: INFO: data_transformation: Numerical columns: ['MinTemp', 'MaxTemp', 'Rainfall', 'Evaporation', 'Sunshine', 'WindGustSpeed', 'WindSpeed9am', 'WindSpeed3pm', 'Humidity9am', 'Humidity3pm', 'Pressure9am', 'Pressure3pm', 'Cloud9am', 'Cloud3pm', 'Temp9am', 'Temp3pm', 'RainToday']]
[2024-07-16 06:52:49,610: INFO: data_transformation: Categorical columns: ['Location', 'WindGustDir', 'WindDir9am', 'WindDir3pm', 'season']]
[2024-07-16 06:52:49,846: INFO: data_transformation: Read train and test data completed]
[2024-07-16 06:52:49,846: INFO: data_transformation: Obtaining preprocessing object]
[2024-07-16 06:52:49,846: INFO: data_transformation: Numerical columns: ['MinTemp', 'MaxTemp', 'Rainfall', 'Evaporation', 'Sunshine', 'WindGustSpeed', 'WindSpeed9am', 'WindSpeed3pm', 'Humidity9am', 'Humidity3pm', 'Pressure9am', 'Pressure3pm', 'Cloud9am', 'Cloud3pm', 'Temp9am', 'Temp3pm', 'RainToday']]
[2024-07-16 06:52:49,846: INFO: data_transformation: Categorical columns: ['Location', 'WindGustDir', 'WindDir9am', 'WindDir3pm', 'season']]
[2024-07-16 06:52:49,867: INFO: data_transformation: Applying preprocessing object on training dataframe and testing dataframe.]
[2024-07-16 06:52:50,393: INFO: data_transformation: Saved preprocessing object.]
[2024-07-16 06:52:50,393: INFO: main: >>>>> Data Transformation Stage completed <<<<<<<

x==========x]
[2024-07-16 06:52:50,393: INFO: main: ********************************]
[2024-07-16 06:52:50,393: INFO: main: >>>>> Model Training Stage started <<<<<<]
[2024-07-16 06:52:50,409: INFO: common: yaml file: config\config.yaml loaded successfully]
[2024-07-16 06:52:50,410: INFO: common: created directory at: output]
[2024-07-16 06:52:50,410: INFO: common: created directory at: output/model_trainer]
[2024-07-16 06:52:50,433: INFO: model_training: Split training and test input data]
[2024-07-16 06:57:25,039: INFO: model_training: Best found model on both training and testing dataset]
[2024-07-16 06:57:25,495: INFO: model_training: best model: XGBClassifier; best F1 score: 0.6246605776351518; confusion matrix: [[31264  1831]
 [ 4289  5274]];]
[2024-07-16 06:57:25,495: INFO: main: >>>>> Model Training Stage completed <<<<<<<

x==========x]
[2024-07-20 09:52:40,164: INFO: main: >>>>> Data Ingestion Stage started <<<<<<]
[2024-07-20 09:52:40,171: INFO: common: yaml file: config\config.yaml loaded successfully]
[2024-07-20 09:52:40,171: INFO: common: created directory at: output]
[2024-07-20 09:52:40,171: INFO: common: created directory at: output/data_ingestion]
[2024-07-20 09:52:40,171: INFO: data_ingestion: Data preprocessing and feature engineering]
[2024-07-20 09:52:40,171: INFO: data_ingestion: Read the dataset as dataframe]
[2024-07-20 09:52:41,817: INFO: data_ingestion: Resume data ingestion method or component]
[2024-07-20 09:52:41,817: INFO: data_ingestion: Read the dataset as dataframe]
[2024-07-20 09:52:42,102: INFO: data_ingestion: Train test split initiated]
[2024-07-20 09:52:43,428: INFO: data_ingestion: Ingestion of the data is completed]
[2024-07-20 09:52:43,438: INFO: main: >>>>> Data Ingestion Stage completed <<<<<<<

x==========x]
[2024-07-20 09:52:43,439: INFO: main: ************************]
[2024-07-20 09:52:43,439: INFO: main: >>>>> Data Transformation Stage started <<<<<<]
[2024-07-20 09:52:43,443: INFO: common: yaml file: config\config.yaml loaded successfully]
[2024-07-20 09:52:43,443: INFO: common: created directory at: output]
[2024-07-20 09:52:43,445: INFO: common: created directory at: output/data_transformation]
[2024-07-20 09:52:43,445: INFO: data_transformation: Numerical columns: ['MinTemp', 'MaxTemp', 'Rainfall', 'Evaporation', 'Sunshine', 'WindGustSpeed', 'WindSpeed9am', 'WindSpeed3pm', 'Humidity9am', 'Humidity3pm', 'Pressure9am', 'Pressure3pm', 'Cloud9am', 'Cloud3pm', 'Temp9am', 'Temp3pm', 'RainToday']]
[2024-07-20 09:52:43,445: INFO: data_transformation: Categorical columns: ['Location', 'WindGustDir', 'WindDir9am', 'WindDir3pm', 'season']]
[2024-07-20 09:52:43,699: INFO: data_transformation: Read train and test data completed]
[2024-07-20 09:52:43,699: INFO: data_transformation: Obtaining preprocessing object]
[2024-07-20 09:52:43,699: INFO: data_transformation: Numerical columns: ['MinTemp', 'MaxTemp', 'Rainfall', 'Evaporation', 'Sunshine', 'WindGustSpeed', 'WindSpeed9am', 'WindSpeed3pm', 'Humidity9am', 'Humidity3pm', 'Pressure9am', 'Pressure3pm', 'Cloud9am', 'Cloud3pm', 'Temp9am', 'Temp3pm', 'RainToday']]
[2024-07-20 09:52:43,699: INFO: data_transformation: Categorical columns: ['Location', 'WindGustDir', 'WindDir9am', 'WindDir3pm', 'season']]
[2024-07-20 09:52:43,712: INFO: data_transformation: Applying preprocessing object on training dataframe and testing dataframe.]
[2024-07-20 09:52:44,250: INFO: data_transformation: Saved preprocessing object.]
[2024-07-20 09:52:44,263: INFO: main: >>>>> Data Transformation Stage completed <<<<<<<

x==========x]
[2024-07-20 09:52:44,264: INFO: main: ********************************]
[2024-07-20 09:52:44,264: INFO: main: >>>>> Model Training Stage started <<<<<<]
[2024-07-20 09:52:44,267: INFO: common: yaml file: config\config.yaml loaded successfully]
[2024-07-20 09:52:44,268: INFO: common: created directory at: output]
[2024-07-20 09:52:44,268: INFO: common: created directory at: output/model_trainer]
[2024-07-20 09:52:44,291: INFO: model_training: Split training and test input data]
[2024-07-20 09:56:53,736: INFO: common: k-NN]
[2024-07-20 09:56:53,736: INFO: common: ----]
[2024-07-20 09:56:53,736: INFO: common: Model performance]
[2024-07-20 09:56:54,063: INFO: common:               train      test  difference_(%)
accuracy   0.843834  0.840288        0.421993
precision  0.786816  0.773469        1.725632
recall     0.416151  0.406672        2.331058
f1         0.544378  0.533068        2.121618]
[2024-07-20 09:56:54,077: INFO: common: ========================================]
[2024-07-20 09:56:54,077: INFO: common: 
]
[2024-07-20 09:57:24,310: INFO: common: Decision Tree]
[2024-07-20 09:57:24,310: INFO: common: -------------]
[2024-07-20 09:57:24,310: INFO: common: Model performance]
[2024-07-20 09:57:24,644: INFO: common:               train      test  difference_(%)
accuracy   0.845039  0.840194        0.576692
precision  0.734865  0.720173        2.040040
recall     0.483060  0.469623        2.861332
f1         0.582932  0.568517        2.535587]
[2024-07-20 09:57:24,644: INFO: common: ========================================]
[2024-07-20 09:57:24,644: INFO: common: 
]
[2024-07-20 09:57:26,063: INFO: common: BernoulliNB]
[2024-07-20 09:57:26,063: INFO: common: -----------]
[2024-07-20 09:57:26,063: INFO: common: Model performance]
[2024-07-20 09:57:26,399: INFO: common:               train      test  difference_(%)
accuracy   0.789381  0.789254        0.016034
precision  0.528008  0.527487        0.098772
recall     0.570270  0.574924       -0.809568
f1         0.548326  0.550185       -0.337921]
[2024-07-20 09:57:26,406: INFO: common: ========================================]
[2024-07-20 09:57:26,406: INFO: common: 
]
[2024-07-20 10:00:42,738: INFO: common: LogisticRegression]
[2024-07-20 10:00:42,738: INFO: common: ------------------]
[2024-07-20 10:00:42,738: INFO: common: Model performance]
[2024-07-20 10:00:43,099: INFO: common:               train      test  difference_(%)
accuracy   0.842397  0.844296       -0.224963
precision  0.717179  0.723557       -0.881523
recall     0.490365  0.494301       -0.796308
f1         0.582471  0.587351       -0.830913]
[2024-07-20 10:00:43,114: INFO: common: ========================================]
[2024-07-20 10:00:43,114: INFO: common: 
]
[2024-07-20 10:03:30,125: INFO: main: >>>>> Data Ingestion Stage started <<<<<<]
[2024-07-20 10:03:30,125: INFO: common: yaml file: config\config.yaml loaded successfully]
[2024-07-20 10:03:30,125: INFO: common: created directory at: output]
[2024-07-20 10:03:30,125: INFO: common: created directory at: output/data_ingestion]
[2024-07-20 10:03:30,125: INFO: data_ingestion: Data preprocessing and feature engineering]
[2024-07-20 10:03:30,125: INFO: data_ingestion: Read the dataset as dataframe]
[2024-07-20 10:03:31,760: INFO: data_ingestion: Resume data ingestion method or component]
[2024-07-20 10:03:31,760: INFO: data_ingestion: Read the dataset as dataframe]
[2024-07-20 10:03:32,027: INFO: data_ingestion: Train test split initiated]
[2024-07-20 10:03:33,278: INFO: data_ingestion: Ingestion of the data is completed]
[2024-07-20 10:03:33,293: INFO: main: >>>>> Data Ingestion Stage completed <<<<<<<

x==========x]
[2024-07-20 10:03:33,293: INFO: main: ************************]
[2024-07-20 10:03:33,293: INFO: main: >>>>> Data Transformation Stage started <<<<<<]
[2024-07-20 10:03:33,304: INFO: common: yaml file: config\config.yaml loaded successfully]
[2024-07-20 10:03:33,304: INFO: common: created directory at: output]
[2024-07-20 10:03:33,305: INFO: common: created directory at: output/data_transformation]
[2024-07-20 10:03:33,305: INFO: data_transformation: Numerical columns: ['MinTemp', 'MaxTemp', 'Rainfall', 'Evaporation', 'Sunshine', 'WindGustSpeed', 'WindSpeed9am', 'WindSpeed3pm', 'Humidity9am', 'Humidity3pm', 'Pressure9am', 'Pressure3pm', 'Cloud9am', 'Cloud3pm', 'Temp9am', 'Temp3pm', 'RainToday']]
[2024-07-20 10:03:33,306: INFO: data_transformation: Categorical columns: ['Location', 'WindGustDir', 'WindDir9am', 'WindDir3pm', 'season']]
[2024-07-20 10:03:33,549: INFO: data_transformation: Read train and test data completed]
[2024-07-20 10:03:33,549: INFO: data_transformation: Obtaining preprocessing object]
[2024-07-20 10:03:33,549: INFO: data_transformation: Numerical columns: ['MinTemp', 'MaxTemp', 'Rainfall', 'Evaporation', 'Sunshine', 'WindGustSpeed', 'WindSpeed9am', 'WindSpeed3pm', 'Humidity9am', 'Humidity3pm', 'Pressure9am', 'Pressure3pm', 'Cloud9am', 'Cloud3pm', 'Temp9am', 'Temp3pm', 'RainToday']]
[2024-07-20 10:03:33,549: INFO: data_transformation: Categorical columns: ['Location', 'WindGustDir', 'WindDir9am', 'WindDir3pm', 'season']]
[2024-07-20 10:03:33,549: INFO: data_transformation: Applying preprocessing object on training dataframe and testing dataframe.]
[2024-07-20 10:03:34,077: INFO: data_transformation: Saved preprocessing object.]
[2024-07-20 10:03:34,098: INFO: main: >>>>> Data Transformation Stage completed <<<<<<<

x==========x]
[2024-07-20 10:03:34,098: INFO: main: ********************************]
[2024-07-20 10:03:34,099: INFO: main: >>>>> Model Training Stage started <<<<<<]
[2024-07-20 10:03:34,100: INFO: common: yaml file: config\config.yaml loaded successfully]
[2024-07-20 10:03:34,100: INFO: common: created directory at: output]
[2024-07-20 10:03:34,104: INFO: common: created directory at: output/model_trainer]
[2024-07-20 10:03:34,127: INFO: model_training: Split training and test input data]
[2024-07-20 10:04:34,497: INFO: common: k-NN]
[2024-07-20 10:04:34,497: INFO: common: ----]
[2024-07-20 10:04:34,497: INFO: common: Model performance]
[2024-07-20 10:04:34,832: INFO: common:               train      test  difference_(%)
accuracy   0.843834  0.840288        0.421993
precision  0.786816  0.773469        1.725632
recall     0.416151  0.406672        2.331058
f1         0.544378  0.533068        2.121618]
[2024-07-20 10:04:34,842: INFO: common: ========================================]
[2024-07-20 10:04:34,843: INFO: common: 
]
[2024-07-20 10:04:41,829: INFO: common: Decision Tree]
[2024-07-20 10:04:41,829: INFO: common: -------------]
[2024-07-20 10:04:41,829: INFO: common: Model performance]
[2024-07-20 10:04:42,172: INFO: common:               train      test  difference_(%)
accuracy   0.845039  0.840194        0.576692
precision  0.734865  0.720173        2.040040
recall     0.483060  0.469623        2.861332
f1         0.582932  0.568517        2.535587]
[2024-07-20 10:04:42,184: INFO: common: ========================================]
[2024-07-20 10:04:42,184: INFO: common: 
]
[2024-07-20 10:04:42,731: INFO: common: BernoulliNB]
[2024-07-20 10:04:42,731: INFO: common: -----------]
[2024-07-20 10:04:42,732: INFO: common: Model performance]
[2024-07-20 10:04:43,088: INFO: common:               train      test  difference_(%)
accuracy   0.789381  0.789254        0.016034
precision  0.528008  0.527487        0.098772
recall     0.570270  0.574924       -0.809568
f1         0.548326  0.550185       -0.337921]
[2024-07-20 10:04:43,103: INFO: common: ========================================]
[2024-07-20 10:04:43,103: INFO: common: 
]
[2024-07-20 10:05:25,354: INFO: common: LogisticRegression]
[2024-07-20 10:05:25,355: INFO: common: ------------------]
[2024-07-20 10:05:25,355: INFO: common: Model performance]
[2024-07-20 10:05:25,676: INFO: common:               train      test  difference_(%)
accuracy   0.842397  0.844296       -0.224963
precision  0.717179  0.723557       -0.881523
recall     0.490365  0.494301       -0.796308
f1         0.582471  0.587351       -0.830913]
[2024-07-20 10:05:25,692: INFO: common: ========================================]
[2024-07-20 10:05:25,692: INFO: common: 
]
[2024-07-20 10:06:18,269: INFO: common: HistGradientBoostingClassifier]
[2024-07-20 10:06:18,269: INFO: common: ------------------------------]
[2024-07-20 10:06:18,269: INFO: common: Model performance]
[2024-07-20 10:06:18,629: INFO: common:               train      test  difference_(%)
accuracy   0.864711  0.855830        1.037684
precision  0.779258  0.751733        3.661455
recall     0.553240  0.532887        3.819373
f1         0.647080  0.623669        3.753807]
[2024-07-20 10:06:18,631: INFO: common: ========================================]
[2024-07-20 10:06:18,631: INFO: common: 
]
[2024-07-20 10:06:40,680: INFO: common: XGBClassifier]
[2024-07-20 10:06:40,680: INFO: common: -------------]
[2024-07-20 10:06:40,680: INFO: common: Model performance]
[2024-07-20 10:06:41,037: INFO: common:               train      test  difference_(%)
accuracy   0.871312  0.857424        1.619669
precision  0.802534  0.762084        5.307755
recall     0.564982  0.529227        6.755963
f1         0.663125  0.624661        6.157644]
[2024-07-20 10:06:41,061: INFO: common: ========================================]
[2024-07-20 10:06:41,061: INFO: common: 
]
[2024-07-20 10:06:41,063: INFO: common:                        Model_Name  F1_Score  ...  Accuracy_Score                                        Best_Params
1                   XGBClassifier  0.624661  ...        0.857424        {'learning_rate': 0.1, 'n_estimators': 128}
2  HistGradientBoostingClassifier  0.623669  ...        0.855830            {'learning_rate': 0.1, 'max_depth': 10}
3              LogisticRegression  0.587351  ...        0.844296  {'C': 10, 'max_iter': 100, 'solver': 'liblinear'}
4                   Decision Tree  0.568517  ...        0.840194               {'max_depth': 7, 'max_features': 30}
5                     BernoulliNB  0.550185  ...        0.789254                                                 {}
6                            k-NN  0.533068  ...        0.840288                                {'n_neighbors': 40}

[6 rows x 7 columns]]
[2024-07-20 10:06:41,084: INFO: model_training: Best found model on both training and testing dataset]
[2024-07-20 10:06:41,484: INFO: model_training: best model: XGBClassifier; best F1 score: 0.6246605776351518; confusion matrix: [[31264  1831]
 [ 4289  5274]];]
[2024-07-20 10:06:41,484: INFO: main: >>>>> Model Training Stage completed <<<<<<<

x==========x]
